lip 14, 2019 8:47:23 PM org.apache.tomcat.util.digester.SetPropertiesRule begin
WARNING: [SetPropertiesRule]{Server/Service/Engine/Host/Context} Setting property 'source' to 'org.eclipse.jst.jee.server:validate-demo' did not find a matching property.
lip 14, 2019 8:47:23 PM org.apache.tomcat.util.digester.SetPropertiesRule begin
WARNING: [SetPropertiesRule]{Server/Service/Engine/Host/Context} Setting property 'source' to 'org.eclipse.jst.jee.server:bean-demo' did not find a matching property.
lip 14, 2019 8:47:23 PM org.apache.tomcat.util.digester.SetPropertiesRule begin
WARNING: [SetPropertiesRule]{Server/Service/Engine/Host/Context} Setting property 'source' to 'org.eclipse.jst.jee.server:list-and-table-demo' did not find a matching property.
lip 14, 2019 8:47:23 PM org.apache.tomcat.util.digester.SetPropertiesRule begin
WARNING: [SetPropertiesRule]{Server/Service/Engine/Host/Context} Setting property 'source' to 'org.eclipse.jst.jee.server:jdbc-student-tracker' did not find a matching property.
lip 14, 2019 8:47:23 PM org.apache.tomcat.util.digester.SetPropertiesRule begin
WARNING: [SetPropertiesRule]{Server/Service/Engine/Host/Context} Setting property 'source' to 'org.eclipse.jst.jee.server:jdbc-student-tracker-v2' did not find a matching property.
lip 14, 2019 8:47:23 PM org.apache.tomcat.util.digester.SetPropertiesRule begin
WARNING: [SetPropertiesRule]{Server/Service/Engine/Host/Context} Setting property 'source' to 'org.eclipse.jst.jee.server:jdbc-student-tracker-v3' did not find a matching property.
lip 14, 2019 8:47:23 PM org.apache.tomcat.util.digester.SetPropertiesRule begin
WARNING: [SetPropertiesRule]{Server/Service/Engine/Host/Context} Setting property 'source' to 'org.eclipse.jst.jee.server:jdbc-student-tracker-v4' did not find a matching property.
lip 14, 2019 8:47:23 PM org.apache.tomcat.util.digester.SetPropertiesRule begin
WARNING: [SetPropertiesRule]{Server/Service/Engine/Host/Context} Setting property 'source' to 'org.eclipse.jst.jee.server:jdbc-student-tracker-final' did not find a matching property.
lip 14, 2019 8:47:23 PM org.apache.tomcat.util.digester.SetPropertiesRule begin
WARNING: [SetPropertiesRule]{Server/Service/Engine/Host/Context} Setting property 'source' to 'org.eclipse.jst.jee.server:spring-rest-demo' did not find a matching property.
lip 14, 2019 8:47:23 PM org.apache.catalina.startup.VersionLoggerListener log
INFO: Server version:        Apache Tomcat/8.5.32
lip 14, 2019 8:47:23 PM org.apache.catalina.startup.VersionLoggerListener log
INFO: Server built:          Jun 20 2018 19:50:35 UTC
lip 14, 2019 8:47:23 PM org.apache.catalina.startup.VersionLoggerListener log
INFO: Server number:         8.5.32.0
lip 14, 2019 8:47:23 PM org.apache.catalina.startup.VersionLoggerListener log
INFO: OS Name:               Windows 10
lip 14, 2019 8:47:23 PM org.apache.catalina.startup.VersionLoggerListener log
INFO: OS Version:            10.0
lip 14, 2019 8:47:23 PM org.apache.catalina.startup.VersionLoggerListener log
INFO: Architecture:          amd64
lip 14, 2019 8:47:23 PM org.apache.catalina.startup.VersionLoggerListener log
INFO: Java Home:             C:\Program Files\Java\jre1.8.0_172
lip 14, 2019 8:47:23 PM org.apache.catalina.startup.VersionLoggerListener log
INFO: JVM Version:           1.8.0_172-b11
lip 14, 2019 8:47:23 PM org.apache.catalina.startup.VersionLoggerListener log
INFO: JVM Vendor:            Oracle Corporation
lip 14, 2019 8:47:23 PM org.apache.catalina.startup.VersionLoggerListener log
INFO: CATALINA_BASE:         C:\Users\slawo_mir\eclipse-workspace\.metadata\.plugins\org.eclipse.wst.server.core\tmp0
lip 14, 2019 8:47:23 PM org.apache.catalina.startup.VersionLoggerListener log
INFO: CATALINA_HOME:         C:\J2EE_programy\apache-tomcat-8.5.32
lip 14, 2019 8:47:23 PM org.apache.catalina.startup.VersionLoggerListener log
INFO: Command line argument: -Dcatalina.base=C:\Users\slawo_mir\eclipse-workspace\.metadata\.plugins\org.eclipse.wst.server.core\tmp0
lip 14, 2019 8:47:23 PM org.apache.catalina.startup.VersionLoggerListener log
INFO: Command line argument: -Dcatalina.home=C:\J2EE_programy\apache-tomcat-8.5.32
lip 14, 2019 8:47:23 PM org.apache.catalina.startup.VersionLoggerListener log
INFO: Command line argument: -Dwtp.deploy=C:\Users\slawo_mir\eclipse-workspace\.metadata\.plugins\org.eclipse.wst.server.core\tmp0\wtpwebapps
lip 14, 2019 8:47:23 PM org.apache.catalina.startup.VersionLoggerListener log
INFO: Command line argument: -Djava.endorsed.dirs=C:\J2EE_programy\apache-tomcat-8.5.32\endorsed
lip 14, 2019 8:47:23 PM org.apache.catalina.startup.VersionLoggerListener log
INFO: Command line argument: -Dfile.encoding=UTF-8
lip 14, 2019 8:47:23 PM org.apache.catalina.core.AprLifecycleListener lifecycleEvent
INFO: The APR based Apache Tomcat Native library which allows optimal performance in production environments was not found on the java.library.path: [C:\Program Files\Java\jre1.8.0_172\bin;C:\WINDOWS\Sun\Java\bin;C:\WINDOWS\system32;C:\WINDOWS;C:/Program Files/Java/jre1.8.0_172/bin/server;C:/Program Files/Java/jre1.8.0_172/bin;C:/Program Files/Java/jre1.8.0_172/lib/amd64;C:\J2EE_programy\OracleServerDB\dbhomeXE\bin;C:\Program Files\Microsoft MPI\Bin\;C:\Program Files (x86)\Common Files\Oracle\Java\javapath;C:\ProgramData\Oracle\Java\javapath;C:\Program Files\Common Files\Microsoft Shared\Windows Live;C:\Program Files (x86)\Common Files\Microsoft Shared\Windows Live;C:\WINDOWS\system32;C:\WINDOWS;C:\WINDOWS\System32\Wbem;C:\WINDOWS\System32\WindowsPowerShell\v1.0\;C:\Program Files (x86)\ATI Technologies\ATI.ACE\Core-Static;C:\Program Files (x86)\Windows Live\Shared;C:\Program Files (x86)\Calibre2\;C:\Program Files (x86)\QuickTime\QTSystem\;C:\WINDOWS\System32\OpenSSH\;C:\Program Files\Java\jdk1.8.0_172\bin;C:\J2EE_programy\apache-maven-3.6.0\bin;C:\Program Files (x86)\Microsoft SQL Server\140\Tools\Binn\;C:\Program Files\Microsoft SQL Server\140\Tools\Binn\;C:\Program Files (x86)\Microsoft SQL Server\140\DTS\Binn\;C:\Program Files\Microsoft SQL Server\140\DTS\Binn\;C:\Program Files\Microsoft SQL Server\Client SDK\ODBC\130\Tools\Binn\;C:\Program Files (x86)\Microsoft SQL Server\Client SDK\ODBC\130\Tools\Binn\;C:\Program Files (x86)\Microsoft SQL Server\140\Tools\Binn\ManagementStudio\;C:\Program Files (x86)\NVIDIA Corporation\PhysX\Common;C:\Program Files\Git\cmd;C:\Program Files\Git\mingw64\bin;C:\Program Files\Git\usr\bin;C:\J2EE_programy\gradle-5.2\bin;C:\Program Files\PuTTY\;C:\WINDOWS\system32;C:\WINDOWS;C:\WINDOWS\System32\Wbem;C:\WINDOWS\System32\WindowsPowerShell\v1.0\;C:\WINDOWS\System32\OpenSSH\;C:\Users\slawo_mir\.sdkman\candidates\groovy\2.5.2\bin;C:\Users\slawo_mir\AppData\Local\Microsoft\WindowsApps;C:\Users\slawo_mir\AppData\Local\GitHubDesktop\bin;C:\J2EE_programy\apache-maven-3.5.4\bin;C:\Users\slawo_mir\AppData\Local\Microsoft\WindowsApps;C:\Users\slawo_mir\AppData\Local\Google\Cloud SDK\google-cloud-sdk\bin;;C:\Users\slawo_mir\AppData\Local\Programs\Microsoft VS Code\bin;C:\Program Files\Eclipse JEE\eclipse-jee-2018-09-win32-x86_64\eclipse;;.]
lip 14, 2019 8:47:23 PM org.apache.coyote.AbstractProtocol init
INFO: Initializing ProtocolHandler ["http-nio-8090"]
lip 14, 2019 8:47:24 PM org.apache.tomcat.util.net.NioSelectorPool getSharedSelector
INFO: Using a shared selector for servlet write/read
lip 14, 2019 8:47:24 PM org.apache.coyote.AbstractProtocol init
INFO: Initializing ProtocolHandler ["ajp-nio-8009"]
lip 14, 2019 8:47:24 PM org.apache.tomcat.util.net.NioSelectorPool getSharedSelector
INFO: Using a shared selector for servlet write/read
lip 14, 2019 8:47:24 PM org.apache.catalina.startup.Catalina load
INFO: Initialization processed in 1905 ms
lip 14, 2019 8:47:24 PM org.apache.catalina.core.StandardService startInternal
INFO: Starting service [Catalina]
lip 14, 2019 8:47:24 PM org.apache.catalina.core.StandardEngine startInternal
INFO: Starting Servlet Engine: Apache Tomcat/8.5.32
Loading class `com.mysql.jdbc.Driver'. This is deprecated. The new driver class is `com.mysql.cj.jdbc.Driver'. The driver is automatically registered via the SPI and manual loading of the driver class is generally unnecessary.
lip 14, 2019 8:47:28 PM org.apache.catalina.realm.JDBCRealm startInternal
SEVERE: Exception opening database connection
com.mysql.cj.jdbc.exceptions.CommunicationsException: Communications link failure

The last packet sent successfully to the server was 0 milliseconds ago. The driver has not received any packets from the server.
	at com.mysql.cj.jdbc.exceptions.SQLError.createCommunicationsException(SQLError.java:174)
	at com.mysql.cj.jdbc.exceptions.SQLExceptionsMapping.translateException(SQLExceptionsMapping.java:64)
	at com.mysql.cj.jdbc.ConnectionImpl.createNewIO(ConnectionImpl.java:835)
	at com.mysql.cj.jdbc.ConnectionImpl.<init>(ConnectionImpl.java:455)
	at com.mysql.cj.jdbc.ConnectionImpl.getInstance(ConnectionImpl.java:240)
	at com.mysql.cj.jdbc.NonRegisteringDriver.connect(NonRegisteringDriver.java:207)
	at org.apache.catalina.realm.JDBCRealm.open(JDBCRealm.java:670)
	at org.apache.catalina.realm.JDBCRealm.startInternal(JDBCRealm.java:733)
	at org.apache.catalina.util.LifecycleBase.start(LifecycleBase.java:150)
	at org.apache.catalina.core.ContainerBase.startInternal(ContainerBase.java:928)
	at org.apache.catalina.core.StandardEngine.startInternal(StandardEngine.java:262)
	at org.apache.catalina.util.LifecycleBase.start(LifecycleBase.java:150)
	at org.apache.catalina.core.StandardService.startInternal(StandardService.java:422)
	at org.apache.catalina.util.LifecycleBase.start(LifecycleBase.java:150)
	at org.apache.catalina.core.StandardServer.startInternal(StandardServer.java:793)
	at org.apache.catalina.util.LifecycleBase.start(LifecycleBase.java:150)
	at org.apache.catalina.startup.Catalina.start(Catalina.java:681)
	at sun.reflect.NativeMethodAccessorImpl.invoke0(Native Method)
	at sun.reflect.NativeMethodAccessorImpl.invoke(Unknown Source)
	at sun.reflect.DelegatingMethodAccessorImpl.invoke(Unknown Source)
	at java.lang.reflect.Method.invoke(Unknown Source)
	at org.apache.catalina.startup.Bootstrap.start(Bootstrap.java:353)
	at org.apache.catalina.startup.Bootstrap.main(Bootstrap.java:493)
Caused by: com.mysql.cj.exceptions.CJCommunicationsException: Communications link failure

The last packet sent successfully to the server was 0 milliseconds ago. The driver has not received any packets from the server.
	at sun.reflect.NativeConstructorAccessorImpl.newInstance0(Native Method)
	at sun.reflect.NativeConstructorAccessorImpl.newInstance(Unknown Source)
	at sun.reflect.DelegatingConstructorAccessorImpl.newInstance(Unknown Source)
	at java.lang.reflect.Constructor.newInstance(Unknown Source)
	at com.mysql.cj.exceptions.ExceptionFactory.createException(ExceptionFactory.java:61)
	at com.mysql.cj.exceptions.ExceptionFactory.createException(ExceptionFactory.java:105)
	at com.mysql.cj.exceptions.ExceptionFactory.createException(ExceptionFactory.java:151)
	at com.mysql.cj.exceptions.ExceptionFactory.createCommunicationsException(ExceptionFactory.java:167)
	at com.mysql.cj.protocol.a.NativeSocketConnection.connect(NativeSocketConnection.java:91)
	at com.mysql.cj.NativeSession.connect(NativeSession.java:152)
	at com.mysql.cj.jdbc.ConnectionImpl.connectOneTryOnly(ConnectionImpl.java:955)
	at com.mysql.cj.jdbc.ConnectionImpl.createNewIO(ConnectionImpl.java:825)
	... 20 more
Caused by: java.net.ConnectException: Connection refused: connect
	at java.net.DualStackPlainSocketImpl.connect0(Native Method)
	at java.net.DualStackPlainSocketImpl.socketConnect(Unknown Source)
	at java.net.AbstractPlainSocketImpl.doConnect(Unknown Source)
	at java.net.AbstractPlainSocketImpl.connectToAddress(Unknown Source)
	at java.net.AbstractPlainSocketImpl.connect(Unknown Source)
	at java.net.PlainSocketImpl.connect(Unknown Source)
	at java.net.SocksSocketImpl.connect(Unknown Source)
	at java.net.Socket.connect(Unknown Source)
	at com.mysql.cj.protocol.StandardSocketFactory.connect(StandardSocketFactory.java:155)
	at com.mysql.cj.protocol.a.NativeSocketConnection.connect(NativeSocketConnection.java:65)
	... 23 more

lip 14, 2019 8:47:31 PM org.apache.jasper.servlet.TldScanner scanJars
INFO: At least one JAR was scanned for TLDs yet contained no TLDs. Enable debug logging for this logger for a complete list of JARs that were scanned but no TLDs were found in them. Skipping unneeded JARs during scanning can improve startup time and JSP compilation time.
lip 14, 2019 8:47:33 PM org.apache.jasper.servlet.TldScanner scanJars
INFO: At least one JAR was scanned for TLDs yet contained no TLDs. Enable debug logging for this logger for a complete list of JARs that were scanned but no TLDs were found in them. Skipping unneeded JARs during scanning can improve startup time and JSP compilation time.
lip 14, 2019 8:47:35 PM org.apache.jasper.servlet.TldScanner scanJars
INFO: At least one JAR was scanned for TLDs yet contained no TLDs. Enable debug logging for this logger for a complete list of JARs that were scanned but no TLDs were found in them. Skipping unneeded JARs during scanning can improve startup time and JSP compilation time.
lip 14, 2019 8:47:37 PM org.apache.jasper.servlet.TldScanner scanJars
INFO: At least one JAR was scanned for TLDs yet contained no TLDs. Enable debug logging for this logger for a complete list of JARs that were scanned but no TLDs were found in them. Skipping unneeded JARs during scanning can improve startup time and JSP compilation time.
lip 14, 2019 8:47:39 PM org.apache.jasper.servlet.TldScanner scanJars
INFO: At least one JAR was scanned for TLDs yet contained no TLDs. Enable debug logging for this logger for a complete list of JARs that were scanned but no TLDs were found in them. Skipping unneeded JARs during scanning can improve startup time and JSP compilation time.
lip 14, 2019 8:47:41 PM org.apache.jasper.servlet.TldScanner scanJars
INFO: At least one JAR was scanned for TLDs yet contained no TLDs. Enable debug logging for this logger for a complete list of JARs that were scanned but no TLDs were found in them. Skipping unneeded JARs during scanning can improve startup time and JSP compilation time.
lip 14, 2019 8:47:43 PM org.apache.jasper.servlet.TldScanner scanJars
INFO: At least one JAR was scanned for TLDs yet contained no TLDs. Enable debug logging for this logger for a complete list of JARs that were scanned but no TLDs were found in them. Skipping unneeded JARs during scanning can improve startup time and JSP compilation time.
lip 14, 2019 8:47:45 PM org.apache.jasper.servlet.TldScanner scanJars
INFO: At least one JAR was scanned for TLDs yet contained no TLDs. Enable debug logging for this logger for a complete list of JARs that were scanned but no TLDs were found in them. Skipping unneeded JARs during scanning can improve startup time and JSP compilation time.
lip 14, 2019 8:47:50 PM org.apache.jasper.servlet.TldScanner scanJars
INFO: At least one JAR was scanned for TLDs yet contained no TLDs. Enable debug logging for this logger for a complete list of JARs that were scanned but no TLDs were found in them. Skipping unneeded JARs during scanning can improve startup time and JSP compilation time.
lip 14, 2019 8:47:50 PM org.apache.catalina.core.ApplicationContext log
INFO: 1 Spring WebApplicationInitializers detected on classpath
lip 14, 2019 8:47:51 PM org.apache.catalina.core.ApplicationContext log
INFO: Initializing Spring FrameworkServlet 'dispatcher'
lip 14, 2019 8:47:51 PM org.springframework.web.servlet.FrameworkServlet initServletBean
INFO: FrameworkServlet 'dispatcher': initialization started
lip 14, 2019 8:47:51 PM org.springframework.context.support.AbstractApplicationContext prepareRefresh
INFO: Refreshing WebApplicationContext for namespace 'dispatcher-servlet': startup date [Sun Jul 14 20:47:51 CEST 2019]; root of context hierarchy
lip 14, 2019 8:47:51 PM org.springframework.web.context.support.AnnotationConfigWebApplicationContext loadBeanDefinitions
INFO: Registering annotated classes: [class com.luv2code.springdemo.config.DemoAppConfig]
lip 14, 2019 8:47:53 PM org.springframework.web.servlet.handler.AbstractHandlerMethodMapping$MappingRegistry register
INFO: Mapped "{[/test/hello],methods=[GET]}" onto public java.lang.String com.luv2code.springdemo.rest.DemoRestController.sayHello()
lip 14, 2019 8:47:54 PM org.springframework.web.servlet.mvc.method.annotation.RequestMappingHandlerAdapter initControllerAdviceCache
INFO: Looking for @ControllerAdvice: WebApplicationContext for namespace 'dispatcher-servlet': startup date [Sun Jul 14 20:47:51 CEST 2019]; root of context hierarchy
lip 14, 2019 8:47:55 PM org.springframework.web.servlet.FrameworkServlet initServletBean
INFO: FrameworkServlet 'dispatcher': initialization completed in 4130 ms
lip 14, 2019 8:47:57 PM org.apache.jasper.servlet.TldScanner scanJars
INFO: At least one JAR was scanned for TLDs yet contained no TLDs. Enable debug logging for this logger for a complete list of JARs that were scanned but no TLDs were found in them. Skipping unneeded JARs during scanning can improve startup time and JSP compilation time.
lip 14, 2019 8:47:57 PM org.apache.coyote.AbstractProtocol start
INFO: Starting ProtocolHandler ["http-nio-8090"]
lip 14, 2019 8:47:57 PM org.apache.coyote.AbstractProtocol start
INFO: Starting ProtocolHandler ["ajp-nio-8009"]
lip 14, 2019 8:47:57 PM org.apache.catalina.startup.Catalina start
INFO: Server startup in 33174 ms
